# Server version 0.08 running on felixs-mbp-2.lan:8123
# Game ID: 91
# Board class: pentago_twist.PentagoBoard
# Timeout: 20000
# First Move Timeout: 30000
# Date: Thu Apr 01 12:18:30 EDT 2021
# Player 1: Player-0, 'MonteCarlo 260865674', running on localhost
# Player 2: Player-1, 'RandomPlayer', running on localhost
START Player-0 MonteCarlo 260865674
START Player-1 RandomPlayer
3 0 2 0 0
4 4 2 0 1
2 0 0 0 0
1 0 1 0 1
2 1 0 0 0
1 4 1 1 1
0 4 0 1 0
1 3 2 1 1
2 4 0 1 0
4 2 1 1 1
3 3 0 0 0
5 4 0 0 1
3 1 2 0 0
0 3 2 1 1
3 5 1 1 0
4 2 0 0 1
5 2 2 1 0
1 2 0 0 1
2 2 0 0 0
3 1 3 0 1
3 3 1 1 0
5 2 3 0 1
4 3 3 1 0
2 1 3 0 1
2 5 3 1 0
3 2 2 1 1
0 0 3 0 0
1 1 0 0 1
2 3 0 0 0
GAMEOVER WINNER 0
# Game ended: Thu Apr 01 12:19:24 EDT 2021
