# Server version 0.08 running on felixs-mbp-2.lan:8123
# Game ID: 14
# Board class: pentago_twist.PentagoBoard
# Timeout: 300000
# First Move Timeout: 30000
# Date: Mon Mar 15 10:11:26 EDT 2021
# Player 1: Player-0, 'Human', running on felixs-mbp-2.lan
# Player 2: Player-1, 'RandomPlayer', running on felixs-mbp-2.lan
START Player-0 Human
START Player-1 RandomPlayer
2 0 0 0 0
0 2 2 0 1
2 5 1 1 0
3 3 0 0 1
1 2 0 0 0
1 3 2 1 1
2 4 1 1 0
4 0 0 1 1
2 3 0 1 0
GAMEOVER WINNER 0
# Game ended: Mon Mar 15 10:13:23 EDT 2021
