# Server version 0.08 running on felixs-mbp-2.lan:8123
# Game ID: 15
# Board class: pentago_twist.PentagoBoard
# Timeout: 20000
# First Move Timeout: 30000
# Date: Mon Apr 05 15:36:01 EDT 2021
# Player 1: Player-0, 'RandomPlayer', running on localhost
# Player 2: Player-1, 'MonteCarlo 260865674', running on localhost
START Player-0 RandomPlayer
START Player-1 MonteCarlo 260865674
1 0 2 0 0
0 0 0 0 1
0 4 1 0 0
0 3 1 0 1
4 1 0 1 0
0 2 0 0 1
1 4 2 1 0
0 0 1 1 1
5 4 1 1 0
2 3 0 0 1
4 4 0 0 0
0 1 0 0 1
4 5 2 1 0
0 4 1 0 1
4 0 0 0 0
0 5 1 0 1
GAMEOVER WINNER 1
# Game ended: Mon Apr 05 15:36:18 EDT 2021
