# Server version 0.08 running on felixs-mbp-2.lan:8123
# Game ID: 83
# Board class: pentago_twist.PentagoBoard
# Timeout: 20000
# First Move Timeout: 30000
# Date: Thu Apr 01 12:02:57 EDT 2021
# Player 1: Player-0, 'MonteCarlo 260865674', running on localhost
# Player 2: Player-1, 'RandomPlayer', running on localhost
START Player-0 MonteCarlo 260865674
START Player-1 RandomPlayer
5 5 0 0 0
4 3 2 0 1
2 4 3 1 0
0 5 1 0 1
5 0 3 0 0
1 1 1 1 1
4 0 1 0 0
1 0 2 1 1
2 5 1 1 0
4 1 1 1 1
5 3 1 0 0
5 1 0 0 1
4 3 0 0 0
GAMEOVER WINNER 0
# Game ended: Thu Apr 01 12:03:09 EDT 2021
