# Server version 0.08 running on felixs-mbp-2.lan:8123
# Game ID: 21
# Board class: pentago_twist.PentagoBoard
# Timeout: 20000
# First Move Timeout: 30000
# Date: Fri Apr 09 13:02:13 EDT 2021
# Player 1: Player-0, 'RandomPlayer', running on localhost
# Player 2: Player-1, '260865674', running on localhost
START Player-0 RandomPlayer
START Player-1 260865674
1 0 2 0 0
4 1 0 1 1
0 2 1 0 0
0 0 0 0 1
4 0 0 1 0
0 1 0 0 1
1 5 2 1 0
0 1 0 0 1
5 4 1 1 0
0 0 0 0 1
4 4 0 0 0
0 2 2 1 1
4 5 2 1 0
2 3 2 1 1
3 5 0 0 0
2 4 0 0 1
GAMEOVER WINNER 1
# Game ended: Fri Apr 09 13:02:37 EDT 2021
