# Server version 0.08 running on felixs-mbp-2.lan:8123
# Game ID: 32
# Board class: pentago_twist.PentagoBoard
# Timeout: 20000
# First Move Timeout: 30000
# Date: Wed Mar 17 17:24:12 EDT 2021
# Player 1: Player-0, 'MonteCarlo 260865674', running on localhost
# Player 2: Player-1, 'RandomPlayer', running on localhost
START Player-0 MonteCarlo 260865674
START Player-1 RandomPlayer
2 5 1 0 0
0 1 2 0 1
3 2 0 1 0
3 3 0 0 1
4 1 2 0 0
1 4 2 1 1
2 0 2 1 0
3 4 0 1 1
0 5 0 1 0
5 4 2 1 1
0 3 0 1 0
3 2 0 0 1
3 0 2 0 0
1 1 2 1 1
2 2 1 1 0
5 2 2 0 1
5 5 1 0 0
1 2 1 0 1
0 2 1 0 0
4 2 2 0 1
0 0 0 1 0
3 1 0 0 1
GAMEOVER WINNER 1
# Game ended: Wed Mar 17 17:24:33 EDT 2021
