# Server version 0.08 running on felixs-mbp-2.lan:8123
# Game ID: 37
# Board class: pentago_twist.PentagoBoard
# Timeout: 300000
# First Move Timeout: 30000
# Date: Wed Mar 17 17:34:38 EDT 2021
# Player 1: Player-0, 'Human', running on felixs-mbp-2.lan
# Player 2: Player-1, 'RandomPlayer', running on felixs-mbp-2.lan
START Player-0 Human
START Player-1 RandomPlayer
1 1 0 0 0
0 1 2 0 1
2 1 0 0 0
3 3 0 0 1
3 1 0 0 0
2 0 2 1 1
4 1 3 0 0
3 4 0 1 1
1 3 0 1 0
5 4 2 1 1
5 1 0 0 0
GAMEOVER WINNER 0
# Game ended: Wed Mar 17 17:36:15 EDT 2021
