# Server version 0.08 running on felixs-mbp-2.lan:8123
# Game ID: 10
# Board class: pentago_twist.PentagoBoard
# Timeout: 20000
# First Move Timeout: 30000
# Date: Sun Apr 04 14:24:47 EDT 2021
# Player 1: Player-0, 'MonteCarlo 260865674', running on localhost
# Player 2: Player-1, 'RandomPlayer', running on localhost
START Player-0 MonteCarlo 260865674
START Player-1 RandomPlayer
4 5 2 1 0
4 3 2 0 1
3 5 1 0 0
0 5 1 0 1
0 5 0 1 0
1 2 1 1 1
4 4 1 0 0
1 1 2 1 1
4 1 2 1 0
4 0 1 1 1
5 0 0 1 0
5 4 0 0 1
5 3 2 0 0
1 0 2 1 1
2 2 1 1 0
3 4 0 0 1
5 1 1 1 0
1 3 0 0 1
2 0 1 0 0
2 3 3 0 1
2 2 0 1 0
5 0 3 0 1
4 0 2 0 0
1 4 3 0 1
1 2 1 1 0
3 2 2 1 1
GAMEOVER WINNER 1
# Game ended: Sun Apr 04 14:25:21 EDT 2021
