# Server version 0.08 running on felixs-mbp-2.lan:8123
# Game ID: 3
# Board class: pentago_twist.PentagoBoard
# Timeout: 20000
# First Move Timeout: 30000
# Date: Thu Apr 08 11:42:25 EDT 2021
# Player 1: Player-0, 'RandomPlayer', running on localhost
# Player 2: Player-1, '260865674', running on localhost
START Player-0 RandomPlayer
START Player-1 260865674
1 0 2 0 0
3 2 0 1 1
0 2 1 0 0
0 4 0 1 1
4 1 0 1 0
0 0 0 0 1
1 3 2 1 0
0 0 0 0 1
5 4 1 1 0
0 0 0 0 1
4 4 0 0 0
0 1 0 0 1
4 5 2 1 0
0 1 0 1 1
4 0 0 0 0
4 2 1 0 1
GAMEOVER WINNER 1
# Game ended: Thu Apr 08 11:42:49 EDT 2021
