# Server version 0.08 running on felixs-mbp-2.lan:8123
# Game ID: 18
# Board class: pentago_twist.PentagoBoard
# Timeout: 20000
# First Move Timeout: 30000
# Date: Thu Apr 08 11:51:32 EDT 2021
# Player 1: Player-0, '260865674', running on localhost
# Player 2: Player-1, 'RandomPlayer', running on localhost
START Player-0 260865674
START Player-1 RandomPlayer
5 0 0 0 0
4 3 2 0 1
0 0 0 0 0
1 0 1 0 1
4 5 2 0 0
1 3 1 1 1
0 0 0 0 0
1 1 2 1 1
5 2 3 1 0
4 1 1 1 1
2 4 2 0 0
5 4 0 0 1
0 0 1 0 0
0 5 2 1 1
0 1 0 0 0
4 0 0 0 1
0 1 0 0 0
2 1 0 0 1
1 4 2 0 0
3 4 3 0 1
0 2 0 0 0
GAMEOVER WINNER 1
# Game ended: Thu Apr 08 11:52:01 EDT 2021
