# Server version 0.08 running on felixs-mbp-2.lan:8123
# Game ID: 13
# Board class: pentago_twist.PentagoBoard
# Timeout: 20000
# First Move Timeout: 30000
# Date: Thu Apr 08 11:49:13 EDT 2021
# Player 1: Player-0, 'RandomPlayer', running on localhost
# Player 2: Player-1, '260865674', running on localhost
START Player-0 RandomPlayer
START Player-1 260865674
1 0 2 0 0
0 1 0 0 1
0 3 1 0 0
1 0 0 1 1
4 1 0 1 0
4 5 3 0 1
1 5 2 1 0
4 3 1 1 1
5 3 1 1 0
1 1 3 0 1
4 5 0 0 0
2 0 1 1 1
5 0 2 1 0
3 1 1 0 1
4 0 0 0 0
2 2 0 1 1
5 5 0 0 0
2 3 0 0 1
3 5 3 0 0
1 3 0 0 1
2 5 0 0 0
0 1 0 0 1
GAMEOVER WINNER 1
# Game ended: Thu Apr 08 11:49:42 EDT 2021
