# Server version 0.08 running on felixs-mbp-2.lan:8123
# Game ID: 2
# Board class: pentago_twist.PentagoBoard
# Timeout: 20000
# First Move Timeout: 30000
# Date: Thu Apr 08 11:41:56 EDT 2021
# Player 1: Player-0, '260865674', running on localhost
# Player 2: Player-1, 'RandomPlayer', running on localhost
START Player-0 260865674
START Player-1 RandomPlayer
3 2 2 0 0
4 3 2 0 1
0 0 0 0 0
1 0 1 0 1
3 5 2 0 0
1 3 1 1 1
0 0 0 0 0
1 1 2 1 1
0 0 0 0 0
4 4 1 1 1
3 0 1 0 0
5 4 0 0 1
0 1 0 0 0
1 3 2 1 1
2 4 0 0 0
4 2 0 0 1
0 0 2 0 0
1 5 0 0 1
4 2 0 0 0
GAMEOVER WINNER 0
# Game ended: Thu Apr 08 11:42:24 EDT 2021
