# Server version 0.08 running on felixs-mbp-2.lan:8123
# Game ID: 5
# Board class: pentago_twist.PentagoBoard
# Timeout: 20000
# First Move Timeout: 30000
# Date: Sun Apr 04 14:21:45 EDT 2021
# Player 1: Player-0, 'MonteCarlo 260865674', running on localhost
# Player 2: Player-1, 'RandomPlayer', running on localhost
START Player-0 MonteCarlo 260865674
START Player-1 RandomPlayer
2 3 3 1 0
4 4 2 0 1
3 3 0 0 0
0 5 1 0 1
4 5 2 0 0
1 2 1 1 1
5 3 1 0 0
1 0 2 1 1
4 2 0 0 0
4 0 1 1 1
2 0 2 1 0
5 4 0 0 1
5 5 0 0 0
1 0 2 1 1
4 3 2 1 0
3 2 0 0 1
1 3 0 0 0
GAMEOVER WINNER 0
# Game ended: Sun Apr 04 14:22:08 EDT 2021
